<?xml version="1.0" encoding="UTF-8"?>
<testsuite xmlns:xsi="http://www.w3.org/2001/XMLSchema-instance" xsi:noNamespaceSchemaLocation="https://maven.apache.org/surefire/maven-surefire-plugin/xsd/surefire-test-report.xsd" name="com.example.springkafkademo.SpringKafkaDemoApplicationTests" time="10.888" tests="3" errors="0" skipped="0" failures="0">
  <properties>
    <property name="gopherProxySet" value="false"/>
    <property name="awt.toolkit" value="sun.lwawt.macosx.LWCToolkit"/>
    <property name="file.encoding.pkg" value="sun.io"/>
    <property name="java.specification.version" value="1.8"/>
    <property name="sun.cpu.isalist" value=""/>
    <property name="sun.jnu.encoding" value="UTF-8"/>
    <property name="java.class.path" value="/Users/dhirajsurve/Downloads/spring-kafka-demo/target/test-classes:/Users/dhirajsurve/Downloads/spring-kafka-demo/target/classes:/Users/dhirajsurve/.m2/repository/org/springframework/boot/spring-boot-starter/2.7.18/spring-boot-starter-2.7.18.jar:/Users/dhirajsurve/.m2/repository/org/springframework/boot/spring-boot/2.7.18/spring-boot-2.7.18.jar:/Users/dhirajsurve/.m2/repository/org/springframework/boot/spring-boot-autoconfigure/2.7.18/spring-boot-autoconfigure-2.7.18.jar:/Users/dhirajsurve/.m2/repository/org/springframework/boot/spring-boot-starter-logging/2.7.18/spring-boot-starter-logging-2.7.18.jar:/Users/dhirajsurve/.m2/repository/ch/qos/logback/logback-classic/1.2.12/logback-classic-1.2.12.jar:/Users/dhirajsurve/.m2/repository/ch/qos/logback/logback-core/1.2.12/logback-core-1.2.12.jar:/Users/dhirajsurve/.m2/repository/org/apache/logging/log4j/log4j-to-slf4j/2.17.2/log4j-to-slf4j-2.17.2.jar:/Users/dhirajsurve/.m2/repository/org/apache/logging/log4j/log4j-api/2.17.2/log4j-api-2.17.2.jar:/Users/dhirajsurve/.m2/repository/org/slf4j/jul-to-slf4j/1.7.36/jul-to-slf4j-1.7.36.jar:/Users/dhirajsurve/.m2/repository/jakarta/annotation/jakarta.annotation-api/1.3.5/jakarta.annotation-api-1.3.5.jar:/Users/dhirajsurve/.m2/repository/org/springframework/spring-core/5.3.31/spring-core-5.3.31.jar:/Users/dhirajsurve/.m2/repository/org/springframework/spring-jcl/5.3.31/spring-jcl-5.3.31.jar:/Users/dhirajsurve/.m2/repository/org/yaml/snakeyaml/1.30/snakeyaml-1.30.jar:/Users/dhirajsurve/.m2/repository/org/springframework/boot/spring-boot-starter-test/2.7.18/spring-boot-starter-test-2.7.18.jar:/Users/dhirajsurve/.m2/repository/org/springframework/boot/spring-boot-test-autoconfigure/2.7.18/spring-boot-test-autoconfigure-2.7.18.jar:/Users/dhirajsurve/.m2/repository/com/jayway/jsonpath/json-path/2.7.0/json-path-2.7.0.jar:/Users/dhirajsurve/.m2/repository/net/minidev/json-smart/2.4.11/json-smart-2.4.11.jar:/Users/dhirajsurve/.m2/repository/net/minidev/accessors-smart/2.4.11/accessors-smart-2.4.11.jar:/Users/dhirajsurve/.m2/repository/org/ow2/asm/asm/9.3/asm-9.3.jar:/Users/dhirajsurve/.m2/repository/jakarta/xml/bind/jakarta.xml.bind-api/2.3.3/jakarta.xml.bind-api-2.3.3.jar:/Users/dhirajsurve/.m2/repository/jakarta/activation/jakarta.activation-api/1.2.2/jakarta.activation-api-1.2.2.jar:/Users/dhirajsurve/.m2/repository/org/assertj/assertj-core/3.22.0/assertj-core-3.22.0.jar:/Users/dhirajsurve/.m2/repository/org/hamcrest/hamcrest/2.2/hamcrest-2.2.jar:/Users/dhirajsurve/.m2/repository/org/junit/jupiter/junit-jupiter/5.8.2/junit-jupiter-5.8.2.jar:/Users/dhirajsurve/.m2/repository/org/junit/jupiter/junit-jupiter-params/5.8.2/junit-jupiter-params-5.8.2.jar:/Users/dhirajsurve/.m2/repository/org/mockito/mockito-core/4.5.1/mockito-core-4.5.1.jar:/Users/dhirajsurve/.m2/repository/net/bytebuddy/byte-buddy/1.12.23/byte-buddy-1.12.23.jar:/Users/dhirajsurve/.m2/repository/net/bytebuddy/byte-buddy-agent/1.12.23/byte-buddy-agent-1.12.23.jar:/Users/dhirajsurve/.m2/repository/org/objenesis/objenesis/3.2/objenesis-3.2.jar:/Users/dhirajsurve/.m2/repository/org/mockito/mockito-junit-jupiter/4.5.1/mockito-junit-jupiter-4.5.1.jar:/Users/dhirajsurve/.m2/repository/org/skyscreamer/jsonassert/1.5.1/jsonassert-1.5.1.jar:/Users/dhirajsurve/.m2/repository/com/vaadin/external/google/android-json/0.0.20131108.vaadin1/android-json-0.0.20131108.vaadin1.jar:/Users/dhirajsurve/.m2/repository/org/springframework/spring-test/5.3.31/spring-test-5.3.31.jar:/Users/dhirajsurve/.m2/repository/org/xmlunit/xmlunit-core/2.9.1/xmlunit-core-2.9.1.jar:/Users/dhirajsurve/.m2/repository/org/junit/jupiter/junit-jupiter-engine/5.8.2/junit-jupiter-engine-5.8.2.jar:/Users/dhirajsurve/.m2/repository/org/junit/platform/junit-platform-engine/1.8.2/junit-platform-engine-1.8.2.jar:/Users/dhirajsurve/.m2/repository/org/apiguardian/apiguardian-api/1.1.2/apiguardian-api-1.1.2.jar:/Users/dhirajsurve/.m2/repository/org/apache/kafka/kafka-clients/3.1.2/kafka-clients-3.1.2.jar:/Users/dhirajsurve/.m2/repository/com/github/luben/zstd-jni/1.5.0-4/zstd-jni-1.5.0-4.jar:/Users/dhirajsurve/.m2/repository/org/lz4/lz4-java/1.8.0/lz4-java-1.8.0.jar:/Users/dhirajsurve/.m2/repository/org/xerial/snappy/snappy-java/1.1.8.4/snappy-java-1.1.8.4.jar:/Users/dhirajsurve/.m2/repository/org/slf4j/slf4j-api/1.7.36/slf4j-api-1.7.36.jar:/Users/dhirajsurve/.m2/repository/org/apache/kafka/kafka-server-common/3.1.2/kafka-server-common-3.1.2.jar:/Users/dhirajsurve/.m2/repository/org/springframework/kafka/spring-kafka-test/2.9.10/spring-kafka-test-2.9.10.jar:/Users/dhirajsurve/.m2/repository/org/springframework/spring-context/5.3.31/spring-context-5.3.31.jar:/Users/dhirajsurve/.m2/repository/org/springframework/spring-aop/5.3.31/spring-aop-5.3.31.jar:/Users/dhirajsurve/.m2/repository/org/springframework/spring-beans/5.3.31/spring-beans-5.3.31.jar:/Users/dhirajsurve/.m2/repository/org/springframework/spring-expression/5.3.31/spring-expression-5.3.31.jar:/Users/dhirajsurve/.m2/repository/org/springframework/retry/spring-retry/1.3.4/spring-retry-1.3.4.jar:/Users/dhirajsurve/.m2/repository/org/apache/zookeeper/zookeeper/3.6.3/zookeeper-3.6.3.jar:/Users/dhirajsurve/.m2/repository/org/apache/zookeeper/zookeeper-jute/3.6.3/zookeeper-jute-3.6.3.jar:/Users/dhirajsurve/.m2/repository/org/apache/yetus/audience-annotations/0.5.0/audience-annotations-0.5.0.jar:/Users/dhirajsurve/.m2/repository/io/netty/netty-handler/4.1.101.Final/netty-handler-4.1.101.Final.jar:/Users/dhirajsurve/.m2/repository/io/netty/netty-common/4.1.101.Final/netty-common-4.1.101.Final.jar:/Users/dhirajsurve/.m2/repository/io/netty/netty-resolver/4.1.101.Final/netty-resolver-4.1.101.Final.jar:/Users/dhirajsurve/.m2/repository/io/netty/netty-buffer/4.1.101.Final/netty-buffer-4.1.101.Final.jar:/Users/dhirajsurve/.m2/repository/io/netty/netty-transport/4.1.101.Final/netty-transport-4.1.101.Final.jar:/Users/dhirajsurve/.m2/repository/io/netty/netty-transport-native-unix-common/4.1.101.Final/netty-transport-native-unix-common-4.1.101.Final.jar:/Users/dhirajsurve/.m2/repository/io/netty/netty-codec/4.1.101.Final/netty-codec-4.1.101.Final.jar:/Users/dhirajsurve/.m2/repository/io/netty/netty-transport-native-epoll/4.1.101.Final/netty-transport-native-epoll-4.1.101.Final.jar:/Users/dhirajsurve/.m2/repository/io/netty/netty-transport-classes-epoll/4.1.101.Final/netty-transport-classes-epoll-4.1.101.Final.jar:/Users/dhirajsurve/.m2/repository/org/apache/kafka/kafka-clients/3.1.2/kafka-clients-3.1.2-test.jar:/Users/dhirajsurve/.m2/repository/org/apache/kafka/kafka-metadata/3.1.2/kafka-metadata-3.1.2.jar:/Users/dhirajsurve/.m2/repository/org/apache/kafka/kafka-raft/3.1.2/kafka-raft-3.1.2.jar:/Users/dhirajsurve/.m2/repository/com/fasterxml/jackson/core/jackson-databind/2.13.5/jackson-databind-2.13.5.jar:/Users/dhirajsurve/.m2/repository/com/fasterxml/jackson/core/jackson-annotations/2.13.5/jackson-annotations-2.13.5.jar:/Users/dhirajsurve/.m2/repository/com/fasterxml/jackson/core/jackson-core/2.13.5/jackson-core-2.13.5.jar:/Users/dhirajsurve/.m2/repository/com/fasterxml/jackson/datatype/jackson-datatype-jdk8/2.13.5/jackson-datatype-jdk8-2.13.5.jar:/Users/dhirajsurve/.m2/repository/com/yammer/metrics/metrics-core/2.2.0/metrics-core-2.2.0.jar:/Users/dhirajsurve/.m2/repository/org/apache/kafka/kafka-streams-test-utils/3.1.2/kafka-streams-test-utils-3.1.2.jar:/Users/dhirajsurve/.m2/repository/org/apache/kafka/kafka-streams/3.1.2/kafka-streams-3.1.2.jar:/Users/dhirajsurve/.m2/repository/org/rocksdb/rocksdbjni/6.22.1.1/rocksdbjni-6.22.1.1.jar:/Users/dhirajsurve/.m2/repository/org/apache/kafka/kafka_2.13/3.1.2/kafka_2.13-3.1.2.jar:/Users/dhirajsurve/.m2/repository/org/scala-lang/scala-library/2.13.6/scala-library-2.13.6.jar:/Users/dhirajsurve/.m2/repository/org/apache/kafka/kafka-storage/3.1.2/kafka-storage-3.1.2.jar:/Users/dhirajsurve/.m2/repository/org/apache/kafka/kafka-storage-api/3.1.2/kafka-storage-api-3.1.2.jar:/Users/dhirajsurve/.m2/repository/net/sourceforge/argparse4j/argparse4j/0.7.0/argparse4j-0.7.0.jar:/Users/dhirajsurve/.m2/repository/com/fasterxml/jackson/module/jackson-module-scala_2.13/2.13.5/jackson-module-scala_2.13-2.13.5.jar:/Users/dhirajsurve/.m2/repository/com/thoughtworks/paranamer/paranamer/2.8/paranamer-2.8.jar:/Users/dhirajsurve/.m2/repository/com/fasterxml/jackson/dataformat/jackson-dataformat-csv/2.13.5/jackson-dataformat-csv-2.13.5.jar:/Users/dhirajsurve/.m2/repository/net/sf/jopt-simple/jopt-simple/5.0.4/jopt-simple-5.0.4.jar:/Users/dhirajsurve/.m2/repository/org/bitbucket/b_c/jose4j/0.7.8/jose4j-0.7.8.jar:/Users/dhirajsurve/.m2/repository/org/scala-lang/modules/scala-collection-compat_2.13/2.4.4/scala-collection-compat_2.13-2.4.4.jar:/Users/dhirajsurve/.m2/repository/org/scala-lang/modules/scala-java8-compat_2.13/1.0.0/scala-java8-compat_2.13-1.0.0.jar:/Users/dhirajsurve/.m2/repository/org/scala-lang/scala-reflect/2.13.6/scala-reflect-2.13.6.jar:/Users/dhirajsurve/.m2/repository/com/typesafe/scala-logging/scala-logging_2.13/3.9.3/scala-logging_2.13-3.9.3.jar:/Users/dhirajsurve/.m2/repository/io/dropwizard/metrics/metrics-core/4.2.22/metrics-core-4.2.22.jar:/Users/dhirajsurve/.m2/repository/commons-cli/commons-cli/1.4/commons-cli-1.4.jar:/Users/dhirajsurve/.m2/repository/org/apache/kafka/kafka_2.13/3.1.2/kafka_2.13-3.1.2-test.jar:/Users/dhirajsurve/.m2/repository/com/google/code/findbugs/jsr305/3.0.2/jsr305-3.0.2.jar:/Users/dhirajsurve/.m2/repository/org/springframework/boot/spring-boot-test/2.7.18/spring-boot-test-2.7.18.jar:/Users/dhirajsurve/.m2/repository/org/springframework/kafka/spring-kafka/2.9.10/spring-kafka-2.9.10.jar:/Users/dhirajsurve/.m2/repository/org/springframework/spring-messaging/5.3.31/spring-messaging-5.3.31.jar:/Users/dhirajsurve/.m2/repository/org/springframework/spring-tx/5.3.31/spring-tx-5.3.31.jar:/Users/dhirajsurve/.m2/repository/org/junit/jupiter/junit-jupiter-api/5.8.2/junit-jupiter-api-5.8.2.jar:/Users/dhirajsurve/.m2/repository/org/opentest4j/opentest4j/1.2.0/opentest4j-1.2.0.jar:/Users/dhirajsurve/.m2/repository/org/junit/platform/junit-platform-commons/1.8.2/junit-platform-commons-1.8.2.jar:"/>
    <property name="java.vm.vendor" value="Amazon.com Inc."/>
    <property name="sun.arch.data.model" value="64"/>
    <property name="java.vendor.url" value="https://aws.amazon.com/corretto/"/>
    <property name="user.timezone" value=""/>
    <property name="java.vm.specification.version" value="1.8"/>
    <property name="os.name" value="Mac OS X"/>
    <property name="user.country" value="CA"/>
    <property name="sun.java.launcher" value="SUN_STANDARD"/>
    <property name="sun.boot.library.path" value="/Users/dhirajsurve/Library/Java/JavaVirtualMachines/corretto-1.8.0_402/Contents/Home/jre/lib"/>
    <property name="sun.java.command" value="/Users/dhirajsurve/Downloads/spring-kafka-demo/target/surefire/surefirebooter138170150503403942.jar /Users/dhirajsurve/Downloads/spring-kafka-demo/target/surefire 2024-02-14T15-11-20_760-jvmRun1 surefire2752954809713648216tmp surefire_04570225134806567801tmp"/>
    <property name="http.nonProxyHosts" value="local|*.local|169.254/16|*.169.254/16"/>
    <property name="surefire.test.class.path" value="/Users/dhirajsurve/Downloads/spring-kafka-demo/target/test-classes:/Users/dhirajsurve/Downloads/spring-kafka-demo/target/classes:/Users/dhirajsurve/.m2/repository/org/springframework/boot/spring-boot-starter/2.7.18/spring-boot-starter-2.7.18.jar:/Users/dhirajsurve/.m2/repository/org/springframework/boot/spring-boot/2.7.18/spring-boot-2.7.18.jar:/Users/dhirajsurve/.m2/repository/org/springframework/boot/spring-boot-autoconfigure/2.7.18/spring-boot-autoconfigure-2.7.18.jar:/Users/dhirajsurve/.m2/repository/org/springframework/boot/spring-boot-starter-logging/2.7.18/spring-boot-starter-logging-2.7.18.jar:/Users/dhirajsurve/.m2/repository/ch/qos/logback/logback-classic/1.2.12/logback-classic-1.2.12.jar:/Users/dhirajsurve/.m2/repository/ch/qos/logback/logback-core/1.2.12/logback-core-1.2.12.jar:/Users/dhirajsurve/.m2/repository/org/apache/logging/log4j/log4j-to-slf4j/2.17.2/log4j-to-slf4j-2.17.2.jar:/Users/dhirajsurve/.m2/repository/org/apache/logging/log4j/log4j-api/2.17.2/log4j-api-2.17.2.jar:/Users/dhirajsurve/.m2/repository/org/slf4j/jul-to-slf4j/1.7.36/jul-to-slf4j-1.7.36.jar:/Users/dhirajsurve/.m2/repository/jakarta/annotation/jakarta.annotation-api/1.3.5/jakarta.annotation-api-1.3.5.jar:/Users/dhirajsurve/.m2/repository/org/springframework/spring-core/5.3.31/spring-core-5.3.31.jar:/Users/dhirajsurve/.m2/repository/org/springframework/spring-jcl/5.3.31/spring-jcl-5.3.31.jar:/Users/dhirajsurve/.m2/repository/org/yaml/snakeyaml/1.30/snakeyaml-1.30.jar:/Users/dhirajsurve/.m2/repository/org/springframework/boot/spring-boot-starter-test/2.7.18/spring-boot-starter-test-2.7.18.jar:/Users/dhirajsurve/.m2/repository/org/springframework/boot/spring-boot-test-autoconfigure/2.7.18/spring-boot-test-autoconfigure-2.7.18.jar:/Users/dhirajsurve/.m2/repository/com/jayway/jsonpath/json-path/2.7.0/json-path-2.7.0.jar:/Users/dhirajsurve/.m2/repository/net/minidev/json-smart/2.4.11/json-smart-2.4.11.jar:/Users/dhirajsurve/.m2/repository/net/minidev/accessors-smart/2.4.11/accessors-smart-2.4.11.jar:/Users/dhirajsurve/.m2/repository/org/ow2/asm/asm/9.3/asm-9.3.jar:/Users/dhirajsurve/.m2/repository/jakarta/xml/bind/jakarta.xml.bind-api/2.3.3/jakarta.xml.bind-api-2.3.3.jar:/Users/dhirajsurve/.m2/repository/jakarta/activation/jakarta.activation-api/1.2.2/jakarta.activation-api-1.2.2.jar:/Users/dhirajsurve/.m2/repository/org/assertj/assertj-core/3.22.0/assertj-core-3.22.0.jar:/Users/dhirajsurve/.m2/repository/org/hamcrest/hamcrest/2.2/hamcrest-2.2.jar:/Users/dhirajsurve/.m2/repository/org/junit/jupiter/junit-jupiter/5.8.2/junit-jupiter-5.8.2.jar:/Users/dhirajsurve/.m2/repository/org/junit/jupiter/junit-jupiter-params/5.8.2/junit-jupiter-params-5.8.2.jar:/Users/dhirajsurve/.m2/repository/org/mockito/mockito-core/4.5.1/mockito-core-4.5.1.jar:/Users/dhirajsurve/.m2/repository/net/bytebuddy/byte-buddy/1.12.23/byte-buddy-1.12.23.jar:/Users/dhirajsurve/.m2/repository/net/bytebuddy/byte-buddy-agent/1.12.23/byte-buddy-agent-1.12.23.jar:/Users/dhirajsurve/.m2/repository/org/objenesis/objenesis/3.2/objenesis-3.2.jar:/Users/dhirajsurve/.m2/repository/org/mockito/mockito-junit-jupiter/4.5.1/mockito-junit-jupiter-4.5.1.jar:/Users/dhirajsurve/.m2/repository/org/skyscreamer/jsonassert/1.5.1/jsonassert-1.5.1.jar:/Users/dhirajsurve/.m2/repository/com/vaadin/external/google/android-json/0.0.20131108.vaadin1/android-json-0.0.20131108.vaadin1.jar:/Users/dhirajsurve/.m2/repository/org/springframework/spring-test/5.3.31/spring-test-5.3.31.jar:/Users/dhirajsurve/.m2/repository/org/xmlunit/xmlunit-core/2.9.1/xmlunit-core-2.9.1.jar:/Users/dhirajsurve/.m2/repository/org/junit/jupiter/junit-jupiter-engine/5.8.2/junit-jupiter-engine-5.8.2.jar:/Users/dhirajsurve/.m2/repository/org/junit/platform/junit-platform-engine/1.8.2/junit-platform-engine-1.8.2.jar:/Users/dhirajsurve/.m2/repository/org/apiguardian/apiguardian-api/1.1.2/apiguardian-api-1.1.2.jar:/Users/dhirajsurve/.m2/repository/org/apache/kafka/kafka-clients/3.1.2/kafka-clients-3.1.2.jar:/Users/dhirajsurve/.m2/repository/com/github/luben/zstd-jni/1.5.0-4/zstd-jni-1.5.0-4.jar:/Users/dhirajsurve/.m2/repository/org/lz4/lz4-java/1.8.0/lz4-java-1.8.0.jar:/Users/dhirajsurve/.m2/repository/org/xerial/snappy/snappy-java/1.1.8.4/snappy-java-1.1.8.4.jar:/Users/dhirajsurve/.m2/repository/org/slf4j/slf4j-api/1.7.36/slf4j-api-1.7.36.jar:/Users/dhirajsurve/.m2/repository/org/apache/kafka/kafka-server-common/3.1.2/kafka-server-common-3.1.2.jar:/Users/dhirajsurve/.m2/repository/org/springframework/kafka/spring-kafka-test/2.9.10/spring-kafka-test-2.9.10.jar:/Users/dhirajsurve/.m2/repository/org/springframework/spring-context/5.3.31/spring-context-5.3.31.jar:/Users/dhirajsurve/.m2/repository/org/springframework/spring-aop/5.3.31/spring-aop-5.3.31.jar:/Users/dhirajsurve/.m2/repository/org/springframework/spring-beans/5.3.31/spring-beans-5.3.31.jar:/Users/dhirajsurve/.m2/repository/org/springframework/spring-expression/5.3.31/spring-expression-5.3.31.jar:/Users/dhirajsurve/.m2/repository/org/springframework/retry/spring-retry/1.3.4/spring-retry-1.3.4.jar:/Users/dhirajsurve/.m2/repository/org/apache/zookeeper/zookeeper/3.6.3/zookeeper-3.6.3.jar:/Users/dhirajsurve/.m2/repository/org/apache/zookeeper/zookeeper-jute/3.6.3/zookeeper-jute-3.6.3.jar:/Users/dhirajsurve/.m2/repository/org/apache/yetus/audience-annotations/0.5.0/audience-annotations-0.5.0.jar:/Users/dhirajsurve/.m2/repository/io/netty/netty-handler/4.1.101.Final/netty-handler-4.1.101.Final.jar:/Users/dhirajsurve/.m2/repository/io/netty/netty-common/4.1.101.Final/netty-common-4.1.101.Final.jar:/Users/dhirajsurve/.m2/repository/io/netty/netty-resolver/4.1.101.Final/netty-resolver-4.1.101.Final.jar:/Users/dhirajsurve/.m2/repository/io/netty/netty-buffer/4.1.101.Final/netty-buffer-4.1.101.Final.jar:/Users/dhirajsurve/.m2/repository/io/netty/netty-transport/4.1.101.Final/netty-transport-4.1.101.Final.jar:/Users/dhirajsurve/.m2/repository/io/netty/netty-transport-native-unix-common/4.1.101.Final/netty-transport-native-unix-common-4.1.101.Final.jar:/Users/dhirajsurve/.m2/repository/io/netty/netty-codec/4.1.101.Final/netty-codec-4.1.101.Final.jar:/Users/dhirajsurve/.m2/repository/io/netty/netty-transport-native-epoll/4.1.101.Final/netty-transport-native-epoll-4.1.101.Final.jar:/Users/dhirajsurve/.m2/repository/io/netty/netty-transport-classes-epoll/4.1.101.Final/netty-transport-classes-epoll-4.1.101.Final.jar:/Users/dhirajsurve/.m2/repository/org/apache/kafka/kafka-clients/3.1.2/kafka-clients-3.1.2-test.jar:/Users/dhirajsurve/.m2/repository/org/apache/kafka/kafka-metadata/3.1.2/kafka-metadata-3.1.2.jar:/Users/dhirajsurve/.m2/repository/org/apache/kafka/kafka-raft/3.1.2/kafka-raft-3.1.2.jar:/Users/dhirajsurve/.m2/repository/com/fasterxml/jackson/core/jackson-databind/2.13.5/jackson-databind-2.13.5.jar:/Users/dhirajsurve/.m2/repository/com/fasterxml/jackson/core/jackson-annotations/2.13.5/jackson-annotations-2.13.5.jar:/Users/dhirajsurve/.m2/repository/com/fasterxml/jackson/core/jackson-core/2.13.5/jackson-core-2.13.5.jar:/Users/dhirajsurve/.m2/repository/com/fasterxml/jackson/datatype/jackson-datatype-jdk8/2.13.5/jackson-datatype-jdk8-2.13.5.jar:/Users/dhirajsurve/.m2/repository/com/yammer/metrics/metrics-core/2.2.0/metrics-core-2.2.0.jar:/Users/dhirajsurve/.m2/repository/org/apache/kafka/kafka-streams-test-utils/3.1.2/kafka-streams-test-utils-3.1.2.jar:/Users/dhirajsurve/.m2/repository/org/apache/kafka/kafka-streams/3.1.2/kafka-streams-3.1.2.jar:/Users/dhirajsurve/.m2/repository/org/rocksdb/rocksdbjni/6.22.1.1/rocksdbjni-6.22.1.1.jar:/Users/dhirajsurve/.m2/repository/org/apache/kafka/kafka_2.13/3.1.2/kafka_2.13-3.1.2.jar:/Users/dhirajsurve/.m2/repository/org/scala-lang/scala-library/2.13.6/scala-library-2.13.6.jar:/Users/dhirajsurve/.m2/repository/org/apache/kafka/kafka-storage/3.1.2/kafka-storage-3.1.2.jar:/Users/dhirajsurve/.m2/repository/org/apache/kafka/kafka-storage-api/3.1.2/kafka-storage-api-3.1.2.jar:/Users/dhirajsurve/.m2/repository/net/sourceforge/argparse4j/argparse4j/0.7.0/argparse4j-0.7.0.jar:/Users/dhirajsurve/.m2/repository/com/fasterxml/jackson/module/jackson-module-scala_2.13/2.13.5/jackson-module-scala_2.13-2.13.5.jar:/Users/dhirajsurve/.m2/repository/com/thoughtworks/paranamer/paranamer/2.8/paranamer-2.8.jar:/Users/dhirajsurve/.m2/repository/com/fasterxml/jackson/dataformat/jackson-dataformat-csv/2.13.5/jackson-dataformat-csv-2.13.5.jar:/Users/dhirajsurve/.m2/repository/net/sf/jopt-simple/jopt-simple/5.0.4/jopt-simple-5.0.4.jar:/Users/dhirajsurve/.m2/repository/org/bitbucket/b_c/jose4j/0.7.8/jose4j-0.7.8.jar:/Users/dhirajsurve/.m2/repository/org/scala-lang/modules/scala-collection-compat_2.13/2.4.4/scala-collection-compat_2.13-2.4.4.jar:/Users/dhirajsurve/.m2/repository/org/scala-lang/modules/scala-java8-compat_2.13/1.0.0/scala-java8-compat_2.13-1.0.0.jar:/Users/dhirajsurve/.m2/repository/org/scala-lang/scala-reflect/2.13.6/scala-reflect-2.13.6.jar:/Users/dhirajsurve/.m2/repository/com/typesafe/scala-logging/scala-logging_2.13/3.9.3/scala-logging_2.13-3.9.3.jar:/Users/dhirajsurve/.m2/repository/io/dropwizard/metrics/metrics-core/4.2.22/metrics-core-4.2.22.jar:/Users/dhirajsurve/.m2/repository/commons-cli/commons-cli/1.4/commons-cli-1.4.jar:/Users/dhirajsurve/.m2/repository/org/apache/kafka/kafka_2.13/3.1.2/kafka_2.13-3.1.2-test.jar:/Users/dhirajsurve/.m2/repository/com/google/code/findbugs/jsr305/3.0.2/jsr305-3.0.2.jar:/Users/dhirajsurve/.m2/repository/org/springframework/boot/spring-boot-test/2.7.18/spring-boot-test-2.7.18.jar:/Users/dhirajsurve/.m2/repository/org/springframework/kafka/spring-kafka/2.9.10/spring-kafka-2.9.10.jar:/Users/dhirajsurve/.m2/repository/org/springframework/spring-messaging/5.3.31/spring-messaging-5.3.31.jar:/Users/dhirajsurve/.m2/repository/org/springframework/spring-tx/5.3.31/spring-tx-5.3.31.jar:/Users/dhirajsurve/.m2/repository/org/junit/jupiter/junit-jupiter-api/5.8.2/junit-jupiter-api-5.8.2.jar:/Users/dhirajsurve/.m2/repository/org/opentest4j/opentest4j/1.2.0/opentest4j-1.2.0.jar:/Users/dhirajsurve/.m2/repository/org/junit/platform/junit-platform-commons/1.8.2/junit-platform-commons-1.8.2.jar:"/>
    <property name="sun.cpu.endian" value="little"/>
    <property name="user.home" value="/Users/dhirajsurve"/>
    <property name="user.language" value="en"/>
    <property name="java.specification.vendor" value="Oracle Corporation"/>
    <property name="java.home" value="/Users/dhirajsurve/Library/Java/JavaVirtualMachines/corretto-1.8.0_402/Contents/Home/jre"/>
    <property name="basedir" value="/Users/dhirajsurve/Downloads/spring-kafka-demo"/>
    <property name="file.separator" value="/"/>
    <property name="line.separator" value="&#10;"/>
    <property name="java.vm.specification.vendor" value="Oracle Corporation"/>
    <property name="java.specification.name" value="Java Platform API Specification"/>
    <property name="java.awt.graphicsenv" value="sun.awt.CGraphicsEnvironment"/>
    <property name="surefire.real.class.path" value="/Users/dhirajsurve/Downloads/spring-kafka-demo/target/surefire/surefirebooter138170150503403942.jar"/>
    <property name="sun.boot.class.path" value="/Users/dhirajsurve/Library/Java/JavaVirtualMachines/corretto-1.8.0_402/Contents/Home/jre/lib/resources.jar:/Users/dhirajsurve/Library/Java/JavaVirtualMachines/corretto-1.8.0_402/Contents/Home/jre/lib/rt.jar:/Users/dhirajsurve/Library/Java/JavaVirtualMachines/corretto-1.8.0_402/Contents/Home/jre/lib/sunrsasign.jar:/Users/dhirajsurve/Library/Java/JavaVirtualMachines/corretto-1.8.0_402/Contents/Home/jre/lib/jsse.jar:/Users/dhirajsurve/Library/Java/JavaVirtualMachines/corretto-1.8.0_402/Contents/Home/jre/lib/jce.jar:/Users/dhirajsurve/Library/Java/JavaVirtualMachines/corretto-1.8.0_402/Contents/Home/jre/lib/charsets.jar:/Users/dhirajsurve/Library/Java/JavaVirtualMachines/corretto-1.8.0_402/Contents/Home/jre/lib/jfr.jar:/Users/dhirajsurve/Library/Java/JavaVirtualMachines/corretto-1.8.0_402/Contents/Home/jre/classes"/>
    <property name="sun.management.compiler" value="HotSpot 64-Bit Tiered Compilers"/>
    <property name="ftp.nonProxyHosts" value="local|*.local|169.254/16|*.169.254/16"/>
    <property name="java.runtime.version" value="1.8.0_402-b08"/>
    <property name="user.name" value="dhirajsurve"/>
    <property name="path.separator" value=":"/>
    <property name="os.version" value="13.6.4"/>
    <property name="java.endorsed.dirs" value="/Users/dhirajsurve/Library/Java/JavaVirtualMachines/corretto-1.8.0_402/Contents/Home/jre/lib/endorsed"/>
    <property name="java.runtime.name" value="OpenJDK Runtime Environment"/>
    <property name="file.encoding" value="UTF-8"/>
    <property name="java.vm.name" value="OpenJDK 64-Bit Server VM"/>
    <property name="localRepository" value="/Users/dhirajsurve/.m2/repository"/>
    <property name="java.vendor.url.bug" value="https://github.com/corretto/corretto-8/issues/"/>
    <property name="java.io.tmpdir" value="/var/folders/7j/pwx6nqsd54b21070wj03d_9h0000gn/T/"/>
    <property name="idea.version" value="2023.3.3"/>
    <property name="java.version" value="1.8.0_402"/>
    <property name="user.dir" value="/Users/dhirajsurve/Downloads/spring-kafka-demo"/>
    <property name="os.arch" value="x86_64"/>
    <property name="java.vm.specification.name" value="Java Virtual Machine Specification"/>
    <property name="java.awt.printerjob" value="sun.lwawt.macosx.CPrinterJob"/>
    <property name="sun.os.patch.level" value="unknown"/>
    <property name="java.library.path" value="/Users/dhirajsurve/Library/Java/Extensions:/Library/Java/Extensions:/Network/Library/Java/Extensions:/System/Library/Java/Extensions:/usr/lib/java:."/>
    <property name="java.vm.info" value="mixed mode"/>
    <property name="java.vendor" value="Amazon.com Inc."/>
    <property name="java.vm.version" value="25.402-b08"/>
    <property name="java.specification.maintenance.version" value="5"/>
    <property name="java.ext.dirs" value="/Users/dhirajsurve/Library/Java/Extensions:/Users/dhirajsurve/Library/Java/JavaVirtualMachines/corretto-1.8.0_402/Contents/Home/jre/lib/ext:/Library/Java/Extensions:/Network/Library/Java/Extensions:/System/Library/Java/Extensions:/usr/lib/java"/>
    <property name="sun.io.unicode.encoding" value="UnicodeBig"/>
    <property name="java.class.version" value="52.0"/>
    <property name="socksNonProxyHosts" value="local|*.local|169.254/16|*.169.254/16"/>
  </properties>
  <testcase name="contextLoads2" classname="com.example.springkafkademo.SpringKafkaDemoApplicationTests" time="0.576"/>
  <testcase name="contextLoads3" classname="com.example.springkafkademo.SpringKafkaDemoApplicationTests" time="0.009"/>
  <testcase name="contextLoads" classname="com.example.springkafkademo.SpringKafkaDemoApplicationTests" time="0.018"/>
</testsuite>